<?xml version="1.0" encoding="UTF-8"?>
<testsuite name="PatternMediator.resources.classes.LoadMaster.LoadMasterTest" tests="13" skipped="0" failures="0" errors="0" timestamp="2020-02-26T12:12:25" hostname="comrade-Lenovo-ideapad-330-15ARR" time="0.07">
  <properties/>
  <testcase name="testLoadCargoToAirship()" classname="PatternMediator.resources.classes.LoadMaster.LoadMasterTest" time="0.037"/>
  <testcase name="testReplaceCargosByPriority()" classname="PatternMediator.resources.classes.LoadMaster.LoadMasterTest" time="0.006"/>
  <testcase name="testAddCargo()" classname="PatternMediator.resources.classes.LoadMaster.LoadMasterTest" time="0.001"/>
  <testcase name="testFindAirshipsforCargo()" classname="PatternMediator.resources.classes.LoadMaster.LoadMasterTest" time="0.001"/>
  <testcase name="testAddAirship()" classname="PatternMediator.resources.classes.LoadMaster.LoadMasterTest" time="0.001"/>
  <testcase name="testSortCargo()" classname="PatternMediator.resources.classes.LoadMaster.LoadMasterTest" time="0.001"/>
  <testcase name="testAirshipArrived()" classname="PatternMediator.resources.classes.LoadMaster.LoadMasterTest" time="0.002"/>
  <testcase name="testFindCargosforAirship()" classname="PatternMediator.resources.classes.LoadMaster.LoadMasterTest" time="0.001"/>
  <testcase name="testGetCargosQueue()" classname="PatternMediator.resources.classes.LoadMaster.LoadMasterTest" time="0.001"/>
  <testcase name="testCargoArrived()" classname="PatternMediator.resources.classes.LoadMaster.LoadMasterTest" time="0.001"/>
  <testcase name="testGetAirshipQueue()" classname="PatternMediator.resources.classes.LoadMaster.LoadMasterTest" time="0.001"/>
  <testcase name="testAddCargoGroup()" classname="PatternMediator.resources.classes.LoadMaster.LoadMasterTest" time="0.0"/>
  <testcase name="testAddAirshipGroup()" classname="PatternMediator.resources.classes.LoadMaster.LoadMasterTest" time="0.001"/>
  <system-out><![CDATA[]]></system-out>
  <system-err><![CDATA[]]></system-err>
</testsuite>
